Start testing: May 29 13:55 CEST
----------------------------------------------------------
1/1 Testing: program.unit_tests
1/1 Test: program.unit_tests
Command: "/home/patryk/Pulpit/zad5_1-Patidzon/build/unit_tests" "-V"
Directory: /home/patryk/Pulpit/zad5_1-Patidzon/build/tests
"program.unit_tests" start time: May 29 13:55 CEST
Output:
----------------------------------------------------------
[doctest] doctest version is "2.4.5"
[doctest] run with "--help" for options
===============================================================================
[doctest] test cases: 4 | 4 passed | 0 failed | 0 skipped
[doctest] assertions: 4 | 4 passed | 0 failed |
[doctest] Status: SUCCESS!
<end of output>
Test time =   0.00 sec
----------------------------------------------------------
Test Passed.
"program.unit_tests" end time: May 29 13:55 CEST
"program.unit_tests" time elapsed: 00:00:00
----------------------------------------------------------

End testing: May 29 13:55 CEST
